{"message":"expected `;`, found keyword `return`","code":null,"level":"error","spans":[{"file_name":"src\\lib.rs","byte_start":4058,"byte_end":4064,"line_start":131,"line_end":131,"column_start":5,"column_end":11,"is_primary":false,"text":[{"text":"    return Ok(())","highlight_start":5,"highlight_end":11}],"label":"unexpected token","suggested_replacement":null,"suggestion_applicability":null,"expansion":null},{"file_name":"src\\lib.rs","byte_start":4051,"byte_end":4051,"line_start":128,"line_end":128,"column_start":7,"column_end":7,"is_primary":true,"text":[{"text":"    md","highlight_start":7,"highlight_end":7}],"label":null,"suggested_replacement":null,"suggestion_applicability":null,"expansion":null}],"children":[{"message":"add `;` here","code":null,"level":"help","spans":[{"file_name":"src\\lib.rs","byte_start":4051,"byte_end":4051,"line_start":128,"line_end":128,"column_start":7,"column_end":7,"is_primary":true,"text":[{"text":"    md","highlight_start":7,"highlight_end":7}],"label":null,"suggested_replacement":";","suggestion_applicability":"MachineApplicable","expansion":null}],"children":[],"rendered":null}],"rendered":"\u001b[0m\u001b[1m\u001b[38;5;9merror\u001b[0m\u001b[0m\u001b[1m\u001b[38;5;15m: expected `;`, found keyword `return`\u001b[0m\n\u001b[0m   \u001b[0m\u001b[0m\u001b[1m\u001b[38;5;14m--> \u001b[0m\u001b[0msrc\\lib.rs:128:7\u001b[0m\n\u001b[0m    \u001b[0m\u001b[0m\u001b[1m\u001b[38;5;14m|\u001b[0m\n\u001b[0m\u001b[1m\u001b[38;5;14m128\u001b[0m\u001b[0m \u001b[0m\u001b[0m\u001b[1m\u001b[38;5;14m|\u001b[0m\u001b[0m \u001b[0m\u001b[0m    md\u001b[0m\n\u001b[0m    \u001b[0m\u001b[0m\u001b[1m\u001b[38;5;14m| \u001b[0m\u001b[0m      \u001b[0m\u001b[0m\u001b[1m\u001b[38;5;9m^\u001b[0m\u001b[0m \u001b[0m\u001b[0m\u001b[1m\u001b[38;5;9mhelp: add `;` here\u001b[0m\n\u001b[0m\u001b[1m\u001b[38;5;14m...\u001b[0m\n\u001b[0m\u001b[1m\u001b[38;5;14m131\u001b[0m\u001b[0m \u001b[0m\u001b[0m\u001b[1m\u001b[38;5;14m|\u001b[0m\u001b[0m \u001b[0m\u001b[0m    return Ok(())\u001b[0m\n\u001b[0m    \u001b[0m\u001b[0m\u001b[1m\u001b[38;5;14m| \u001b[0m\u001b[0m    \u001b[0m\u001b[0m\u001b[1m\u001b[38;5;14m------\u001b[0m\u001b[0m \u001b[0m\u001b[0m\u001b[1m\u001b[38;5;14munexpected token\u001b[0m\n\n"}
{"message":"unexpected token, expected `;`","code":null,"level":"error","spans":[{"file_name":"src\\lib.rs","byte_start":4058,"byte_end":4064,"line_start":131,"line_end":131,"column_start":5,"column_end":11,"is_primary":true,"text":[{"text":"    return Ok(())","highlight_start":5,"highlight_end":11}],"label":null,"suggested_replacement":null,"suggestion_applicability":null,"expansion":null}],"children":[],"rendered":"\u001b[0m\u001b[1m\u001b[38;5;9merror\u001b[0m\u001b[0m\u001b[1m\u001b[38;5;15m: unexpected token, expected `;`\u001b[0m\n\u001b[0m   \u001b[0m\u001b[0m\u001b[1m\u001b[38;5;14m--> \u001b[0m\u001b[0msrc\\lib.rs:131:5\u001b[0m\n\u001b[0m    \u001b[0m\u001b[0m\u001b[1m\u001b[38;5;14m|\u001b[0m\n\u001b[0m\u001b[1m\u001b[38;5;14m131\u001b[0m\u001b[0m \u001b[0m\u001b[0m\u001b[1m\u001b[38;5;14m|\u001b[0m\u001b[0m \u001b[0m\u001b[0m    return Ok(())\u001b[0m\n\u001b[0m    \u001b[0m\u001b[0m\u001b[1m\u001b[38;5;14m| \u001b[0m\u001b[0m    \u001b[0m\u001b[0m\u001b[1m\u001b[38;5;9m^^^^^^\u001b[0m\n\n"}
{"message":"unresolved import `wasm_bindgen_futures`","code":{"code":"E0432","explanation":"An import was unresolved.\n\nErroneous code example:\n\n```compile_fail,E0432\nuse something::Foo; // error: unresolved import `something::Foo`.\n```\n\nIn Rust 2015, paths in `use` statements are relative to the crate root. To\nimport items relative to the current and parent modules, use the `self::` and\n`super::` prefixes, respectively.\n\nIn Rust 2018 or later, paths in `use` statements are relative to the current\nmodule unless they begin with the name of a crate or a literal `crate::`, in\nwhich case they start from the crate root. As in Rust 2015 code, the `self::`\nand `super::` prefixes refer to the current and parent modules respectively.\n\nAlso verify that you didn't misspell the import name and that the import exists\nin the module from where you tried to import it. Example:\n\n```\nuse self::something::Foo; // Ok.\n\nmod something {\n    pub struct Foo;\n}\n# fn main() {}\n```\n\nIf you tried to use a module from an external crate and are using Rust 2015,\nyou may have missed the `extern crate` declaration (which is usually placed in\nthe crate root):\n\n```edition2015\nextern crate core; // Required to use the `core` crate in Rust 2015.\n\nuse core::any;\n# fn main() {}\n```\n\nSince Rust 2018 the `extern crate` declaration is not required and\nyou can instead just `use` it:\n\n```edition2018\nuse core::any; // No extern crate required in Rust 2018.\n# fn main() {}\n```\n"},"level":"error","spans":[{"file_name":"src\\lib.rs","byte_start":82,"byte_end":102,"line_start":4,"line_end":4,"column_start":5,"column_end":25,"is_primary":true,"text":[{"text":"use wasm_bindgen_futures::JsFuture;","highlight_start":5,"highlight_end":25}],"label":"use of undeclared crate or module `wasm_bindgen_futures`","suggested_replacement":null,"suggestion_applicability":null,"expansion":null}],"children":[],"rendered":"\u001b[0m\u001b[1m\u001b[38;5;9merror[E0432]\u001b[0m\u001b[0m\u001b[1m\u001b[38;5;15m: unresolved import `wasm_bindgen_futures`\u001b[0m\n\u001b[0m \u001b[0m\u001b[0m\u001b[1m\u001b[38;5;14m--> \u001b[0m\u001b[0msrc\\lib.rs:4:5\u001b[0m\n\u001b[0m  \u001b[0m\u001b[0m\u001b[1m\u001b[38;5;14m|\u001b[0m\n\u001b[0m\u001b[1m\u001b[38;5;14m4\u001b[0m\u001b[0m \u001b[0m\u001b[0m\u001b[1m\u001b[38;5;14m|\u001b[0m\u001b[0m \u001b[0m\u001b[0muse wasm_bindgen_futures::JsFuture;\u001b[0m\n\u001b[0m  \u001b[0m\u001b[0m\u001b[1m\u001b[38;5;14m| \u001b[0m\u001b[0m    \u001b[0m\u001b[0m\u001b[1m\u001b[38;5;9m^^^^^^^^^^^^^^^^^^^^\u001b[0m\u001b[0m \u001b[0m\u001b[0m\u001b[1m\u001b[38;5;9muse of undeclared crate or module `wasm_bindgen_futures`\u001b[0m\n\n"}
{"message":"cannot find type `Response` in this scope","code":{"code":"E0412","explanation":"A used type name is not in scope.\n\nErroneous code examples:\n\n```compile_fail,E0412\nimpl Something {} // error: type name `Something` is not in scope\n\n// or:\n\ntrait Foo {\n    fn bar(N); // error: type name `N` is not in scope\n}\n\n// or:\n\nfn foo(x: T) {} // type name `T` is not in scope\n```\n\nTo fix this error, please verify you didn't misspell the type name, you did\ndeclare it or imported it into the scope. Examples:\n\n```\nstruct Something;\n\nimpl Something {} // ok!\n\n// or:\n\ntrait Foo {\n    type N;\n\n    fn bar(_: Self::N); // ok!\n}\n\n// or:\n\nfn foo<T>(x: T) {} // ok!\n```\n\nAnother case that causes this error is when a type is imported into a parent\nmodule. To fix this, you can follow the suggestion and use File directly or\n`use super::File;` which will import the types from the parent namespace. An\nexample that causes this error is below:\n\n```compile_fail,E0412\nuse std::fs::File;\n\nmod foo {\n    fn some_function(f: File) {}\n}\n```\n\n```\nuse std::fs::File;\n\nmod foo {\n    // either\n    use super::File;\n    // or\n    // use std::fs::File;\n    fn foo(f: File) {}\n}\n# fn main() {} // don't insert it for us; that'll break imports\n```\n"},"level":"error","spans":[{"file_name":"src\\lib.rs","byte_start":3369,"byte_end":3377,"line_start":107,"line_end":107,"column_start":41,"column_end":49,"is_primary":true,"text":[{"text":"    assert!(resp_value.is_instance_of::<Response>());","highlight_start":41,"highlight_end":49}],"label":"not found in this scope","suggested_replacement":null,"suggestion_applicability":null,"expansion":null}],"children":[{"message":"consider importing this struct","code":null,"level":"help","spans":[{"file_name":"src\\lib.rs","byte_start":0,"byte_end":0,"line_start":1,"line_end":1,"column_start":1,"column_end":1,"is_primary":true,"text":[],"label":null,"suggested_replacement":"use web_sys::Response;\n","suggestion_applicability":"MaybeIncorrect","expansion":null}],"children":[],"rendered":null}],"rendered":"\u001b[0m\u001b[1m\u001b[38;5;9merror[E0412]\u001b[0m\u001b[0m\u001b[1m\u001b[38;5;15m: cannot find type `Response` in this scope\u001b[0m\n\u001b[0m   \u001b[0m\u001b[0m\u001b[1m\u001b[38;5;14m--> \u001b[0m\u001b[0msrc\\lib.rs:107:41\u001b[0m\n\u001b[0m    \u001b[0m\u001b[0m\u001b[1m\u001b[38;5;14m|\u001b[0m\n\u001b[0m\u001b[1m\u001b[38;5;14m107\u001b[0m\u001b[0m \u001b[0m\u001b[0m\u001b[1m\u001b[38;5;14m|\u001b[0m\u001b[0m \u001b[0m\u001b[0m    assert!(resp_value.is_instance_of::<Response>());\u001b[0m\n\u001b[0m    \u001b[0m\u001b[0m\u001b[1m\u001b[38;5;14m| \u001b[0m\u001b[0m                                        \u001b[0m\u001b[0m\u001b[1m\u001b[38;5;9m^^^^^^^^\u001b[0m\u001b[0m \u001b[0m\u001b[0m\u001b[1m\u001b[38;5;9mnot found in this scope\u001b[0m\n\u001b[0m    \u001b[0m\u001b[0m\u001b[1m\u001b[38;5;14m|\u001b[0m\n\u001b[0m\u001b[1m\u001b[38;5;14mhelp\u001b[0m\u001b[0m: consider importing this struct\u001b[0m\n\u001b[0m    \u001b[0m\u001b[0m\u001b[1m\u001b[38;5;14m|\u001b[0m\n\u001b[0m\u001b[1m\u001b[38;5;14m1\u001b[0m\u001b[0m   \u001b[0m\u001b[0m\u001b[38;5;10m+ use web_sys::Response;\u001b[0m\n\u001b[0m    \u001b[0m\u001b[0m\u001b[1m\u001b[38;5;14m|\u001b[0m\n\n"}
{"message":"cannot find type `Response` in this scope","code":{"code":"E0412","explanation":"A used type name is not in scope.\n\nErroneous code examples:\n\n```compile_fail,E0412\nimpl Something {} // error: type name `Something` is not in scope\n\n// or:\n\ntrait Foo {\n    fn bar(N); // error: type name `N` is not in scope\n}\n\n// or:\n\nfn foo(x: T) {} // type name `T` is not in scope\n```\n\nTo fix this error, please verify you didn't misspell the type name, you did\ndeclare it or imported it into the scope. Examples:\n\n```\nstruct Something;\n\nimpl Something {} // ok!\n\n// or:\n\ntrait Foo {\n    type N;\n\n    fn bar(_: Self::N); // ok!\n}\n\n// or:\n\nfn foo<T>(x: T) {} // ok!\n```\n\nAnother case that causes this error is when a type is imported into a parent\nmodule. To fix this, you can follow the suggestion and use File directly or\n`use super::File;` which will import the types from the parent namespace. An\nexample that causes this error is below:\n\n```compile_fail,E0412\nuse std::fs::File;\n\nmod foo {\n    fn some_function(f: File) {}\n}\n```\n\n```\nuse std::fs::File;\n\nmod foo {\n    // either\n    use super::File;\n    // or\n    // use std::fs::File;\n    fn foo(f: File) {}\n}\n# fn main() {} // don't insert it for us; that'll break imports\n```\n"},"level":"error","spans":[{"file_name":"src\\lib.rs","byte_start":3397,"byte_end":3405,"line_start":108,"line_end":108,"column_start":15,"column_end":23,"is_primary":true,"text":[{"text":"    let resp: Response = resp_value.dyn_into().unwrap();","highlight_start":15,"highlight_end":23}],"label":"not found in this scope","suggested_replacement":null,"suggestion_applicability":null,"expansion":null}],"children":[{"message":"consider importing this struct","code":null,"level":"help","spans":[{"file_name":"src\\lib.rs","byte_start":0,"byte_end":0,"line_start":1,"line_end":1,"column_start":1,"column_end":1,"is_primary":true,"text":[],"label":null,"suggested_replacement":"use web_sys::Response;\n","suggestion_applicability":"MaybeIncorrect","expansion":null}],"children":[],"rendered":null}],"rendered":"\u001b[0m\u001b[1m\u001b[38;5;9merror[E0412]\u001b[0m\u001b[0m\u001b[1m\u001b[38;5;15m: cannot find type `Response` in this scope\u001b[0m\n\u001b[0m   \u001b[0m\u001b[0m\u001b[1m\u001b[38;5;14m--> \u001b[0m\u001b[0msrc\\lib.rs:108:15\u001b[0m\n\u001b[0m    \u001b[0m\u001b[0m\u001b[1m\u001b[38;5;14m|\u001b[0m\n\u001b[0m\u001b[1m\u001b[38;5;14m108\u001b[0m\u001b[0m \u001b[0m\u001b[0m\u001b[1m\u001b[38;5;14m|\u001b[0m\u001b[0m \u001b[0m\u001b[0m    let resp: Response = resp_value.dyn_into().unwrap();\u001b[0m\n\u001b[0m    \u001b[0m\u001b[0m\u001b[1m\u001b[38;5;14m| \u001b[0m\u001b[0m              \u001b[0m\u001b[0m\u001b[1m\u001b[38;5;9m^^^^^^^^\u001b[0m\u001b[0m \u001b[0m\u001b[0m\u001b[1m\u001b[38;5;9mnot found in this scope\u001b[0m\n\u001b[0m    \u001b[0m\u001b[0m\u001b[1m\u001b[38;5;14m|\u001b[0m\n\u001b[0m\u001b[1m\u001b[38;5;14mhelp\u001b[0m\u001b[0m: consider importing this struct\u001b[0m\n\u001b[0m    \u001b[0m\u001b[0m\u001b[1m\u001b[38;5;14m|\u001b[0m\n\u001b[0m\u001b[1m\u001b[38;5;14m1\u001b[0m\u001b[0m   \u001b[0m\u001b[0m\u001b[38;5;10m+ use web_sys::Response;\u001b[0m\n\u001b[0m    \u001b[0m\u001b[0m\u001b[1m\u001b[38;5;14m|\u001b[0m\n\n"}
{"message":"cannot find type `Branch` in this scope","code":{"code":"E0412","explanation":"A used type name is not in scope.\n\nErroneous code examples:\n\n```compile_fail,E0412\nimpl Something {} // error: type name `Something` is not in scope\n\n// or:\n\ntrait Foo {\n    fn bar(N); // error: type name `N` is not in scope\n}\n\n// or:\n\nfn foo(x: T) {} // type name `T` is not in scope\n```\n\nTo fix this error, please verify you didn't misspell the type name, you did\ndeclare it or imported it into the scope. Examples:\n\n```\nstruct Something;\n\nimpl Something {} // ok!\n\n// or:\n\ntrait Foo {\n    type N;\n\n    fn bar(_: Self::N); // ok!\n}\n\n// or:\n\nfn foo<T>(x: T) {} // ok!\n```\n\nAnother case that causes this error is when a type is imported into a parent\nmodule. To fix this, you can follow the suggestion and use File directly or\n`use super::File;` which will import the types from the parent namespace. An\nexample that causes this error is below:\n\n```compile_fail,E0412\nuse std::fs::File;\n\nmod foo {\n    fn some_function(f: File) {}\n}\n```\n\n```\nuse std::fs::File;\n\nmod foo {\n    // either\n    use super::File;\n    // or\n    // use std::fs::File;\n    fn foo(f: File) {}\n}\n# fn main() {} // don't insert it for us; that'll break imports\n```\n"},"level":"error","spans":[{"file_name":"src\\lib.rs","byte_start":3623,"byte_end":3629,"line_start":114,"line_end":114,"column_start":22,"column_end":28,"is_primary":true,"text":[{"text":"    let branch_info: Branch = json.into_serde().unwrap();","highlight_start":22,"highlight_end":28}],"label":"not found in this scope","suggested_replacement":null,"suggestion_applicability":null,"expansion":null}],"children":[],"rendered":"\u001b[0m\u001b[1m\u001b[38;5;9merror[E0412]\u001b[0m\u001b[0m\u001b[1m\u001b[38;5;15m: cannot find type `Branch` in this scope\u001b[0m\n\u001b[0m   \u001b[0m\u001b[0m\u001b[1m\u001b[38;5;14m--> \u001b[0m\u001b[0msrc\\lib.rs:114:22\u001b[0m\n\u001b[0m    \u001b[0m\u001b[0m\u001b[1m\u001b[38;5;14m|\u001b[0m\n\u001b[0m\u001b[1m\u001b[38;5;14m114\u001b[0m\u001b[0m \u001b[0m\u001b[0m\u001b[1m\u001b[38;5;14m|\u001b[0m\u001b[0m \u001b[0m\u001b[0m    let branch_info: Branch = json.into_serde().unwrap();\u001b[0m\n\u001b[0m    \u001b[0m\u001b[0m\u001b[1m\u001b[38;5;14m| \u001b[0m\u001b[0m                     \u001b[0m\u001b[0m\u001b[1m\u001b[38;5;9m^^^^^^\u001b[0m\u001b[0m \u001b[0m\u001b[0m\u001b[1m\u001b[38;5;9mnot found in this scope\u001b[0m\n\n"}
{"message":"no function or associated item named `from_serde` found for struct `wasm_bindgen::JsValue` in the current scope","code":{"code":"E0599","explanation":"This error occurs when a method is used on a type which doesn't implement it:\n\nErroneous code example:\n\n```compile_fail,E0599\nstruct Mouth;\n\nlet x = Mouth;\nx.chocolate(); // error: no method named `chocolate` found for type `Mouth`\n               //        in the current scope\n```\n\nIn this case, you need to implement the `chocolate` method to fix the error:\n\n```\nstruct Mouth;\n\nimpl Mouth {\n    fn chocolate(&self) { // We implement the `chocolate` method here.\n        println!(\"Hmmm! I love chocolate!\");\n    }\n}\n\nlet x = Mouth;\nx.chocolate(); // ok!\n```\n"},"level":"error","spans":[{"file_name":"src\\lib.rs","byte_start":3736,"byte_end":3746,"line_start":117,"line_end":117,"column_start":17,"column_end":27,"is_primary":true,"text":[{"text":"    Ok(JsValue::from_serde(&branch_info).unwrap())","highlight_start":17,"highlight_end":27}],"label":"function or associated item not found in `JsValue`","suggested_replacement":null,"suggestion_applicability":null,"expansion":null}],"children":[{"message":"there is an associated function with a similar name","code":null,"level":"help","spans":[{"file_name":"src\\lib.rs","byte_start":3736,"byte_end":3746,"line_start":117,"line_end":117,"column_start":17,"column_end":27,"is_primary":true,"text":[{"text":"    Ok(JsValue::from_serde(&branch_info).unwrap())","highlight_start":17,"highlight_end":27}],"label":null,"suggested_replacement":"from_str","suggestion_applicability":"MaybeIncorrect","expansion":null}],"children":[],"rendered":null}],"rendered":"\u001b[0m\u001b[1m\u001b[38;5;9merror[E0599]\u001b[0m\u001b[0m\u001b[1m\u001b[38;5;15m: no function or associated item named `from_serde` found for struct `wasm_bindgen::JsValue` in the current scope\u001b[0m\n\u001b[0m   \u001b[0m\u001b[0m\u001b[1m\u001b[38;5;14m--> \u001b[0m\u001b[0msrc\\lib.rs:117:17\u001b[0m\n\u001b[0m    \u001b[0m\u001b[0m\u001b[1m\u001b[38;5;14m|\u001b[0m\n\u001b[0m\u001b[1m\u001b[38;5;14m117\u001b[0m\u001b[0m \u001b[0m\u001b[0m\u001b[1m\u001b[38;5;14m|\u001b[0m\u001b[0m \u001b[0m\u001b[0m    Ok(JsValue::from_serde(&branch_info).unwrap())\u001b[0m\n\u001b[0m    \u001b[0m\u001b[0m\u001b[1m\u001b[38;5;14m| \u001b[0m\u001b[0m                \u001b[0m\u001b[0m\u001b[1m\u001b[38;5;9m^^^^^^^^^^\u001b[0m\n\u001b[0m    \u001b[0m\u001b[0m\u001b[1m\u001b[38;5;14m| \u001b[0m\u001b[0m                \u001b[0m\u001b[0m\u001b[1m\u001b[38;5;9m|\u001b[0m\n\u001b[0m    \u001b[0m\u001b[0m\u001b[1m\u001b[38;5;14m| \u001b[0m\u001b[0m                \u001b[0m\u001b[0m\u001b[1m\u001b[38;5;9mfunction or associated item not found in `JsValue`\u001b[0m\n\u001b[0m    \u001b[0m\u001b[0m\u001b[1m\u001b[38;5;14m| \u001b[0m\u001b[0m                \u001b[0m\u001b[0m\u001b[1m\u001b[38;5;9mhelp: there is an associated function with a similar name: `from_str`\u001b[0m\n\n"}
{"message":"failed to resolve: use of undeclared crate or module `wasm_bindgen_futures`","code":{"code":"E0433","explanation":"An undeclared crate, module, or type was used.\n\nErroneous code example:\n\n```compile_fail,E0433\nlet map = HashMap::new();\n// error: failed to resolve: use of undeclared type `HashMap`\n```\n\nPlease verify you didn't misspell the type/module's name or that you didn't\nforget to import it:\n\n```\nuse std::collections::HashMap; // HashMap has been imported.\nlet map: HashMap<u32, u32> = HashMap::new(); // So it can be used!\n```\n\nIf you've expected to use a crate name:\n\n```compile_fail\nuse ferris_wheel::BigO;\n// error: failed to resolve: use of undeclared crate or module `ferris_wheel`\n```\n\nMake sure the crate has been added as a dependency in `Cargo.toml`.\n\nTo use a module from your current crate, add the `crate::` prefix to the path.\n"},"level":"error","spans":[{"file_name":"src\\lib.rs","byte_start":2766,"byte_end":2781,"line_start":89,"line_end":89,"column_start":1,"column_end":16,"is_primary":true,"text":[{"text":"#[wasm_bindgen]","highlight_start":1,"highlight_end":16}],"label":"use of undeclared crate or module `wasm_bindgen_futures`","suggested_replacement":null,"suggestion_applicability":null,"expansion":{"span":{"file_name":"src\\lib.rs","byte_start":2766,"byte_end":2781,"line_start":89,"line_end":89,"column_start":1,"column_end":16,"is_primary":false,"text":[{"text":"#[wasm_bindgen]","highlight_start":1,"highlight_end":16}],"label":null,"suggested_replacement":null,"suggestion_applicability":null,"expansion":null},"macro_decl_name":"#[wasm_bindgen]","def_site_span":{"file_name":"C:\\Users\\lynas\\.cargo\\registry\\src\\index.crates.io-6f17d22bba15001f\\wasm-bindgen-macro-0.2.87\\src\\lib.rs","byte_start":165,"byte_end":238,"line_start":9,"line_end":9,"column_start":1,"column_end":74,"is_primary":false,"text":[{"text":"pub fn wasm_bindgen(attr: TokenStream, input: TokenStream) -> TokenStream {","highlight_start":1,"highlight_end":74}],"label":null,"suggested_replacement":null,"suggestion_applicability":null,"expansion":null}}}],"children":[],"rendered":"\u001b[0m\u001b[1m\u001b[38;5;9merror[E0433]\u001b[0m\u001b[0m\u001b[1m\u001b[38;5;15m: failed to resolve: use of undeclared crate or module `wasm_bindgen_futures`\u001b[0m\n\u001b[0m  \u001b[0m\u001b[0m\u001b[1m\u001b[38;5;14m--> \u001b[0m\u001b[0msrc\\lib.rs:89:1\u001b[0m\n\u001b[0m   \u001b[0m\u001b[0m\u001b[1m\u001b[38;5;14m|\u001b[0m\n\u001b[0m\u001b[1m\u001b[38;5;14m89\u001b[0m\u001b[0m \u001b[0m\u001b[0m\u001b[1m\u001b[38;5;14m|\u001b[0m\u001b[0m \u001b[0m\u001b[0m#[wasm_bindgen]\u001b[0m\n\u001b[0m   \u001b[0m\u001b[0m\u001b[1m\u001b[38;5;14m| \u001b[0m\u001b[0m\u001b[1m\u001b[38;5;9m^^^^^^^^^^^^^^^\u001b[0m\u001b[0m \u001b[0m\u001b[0m\u001b[1m\u001b[38;5;9muse of undeclared crate or module `wasm_bindgen_futures`\u001b[0m\n\u001b[0m   \u001b[0m\u001b[0m\u001b[1m\u001b[38;5;14m|\u001b[0m\n\u001b[0m   \u001b[0m\u001b[0m\u001b[1m\u001b[38;5;14m= \u001b[0m\u001b[0m\u001b[1m\u001b[38;5;15mnote\u001b[0m\u001b[0m: this error originates in the attribute macro `wasm_bindgen` (in Nightly builds, run with -Z macro-backtrace for more info)\u001b[0m\n\n"}
{"message":"unused import: `wasm_bindgen::JsCast`","code":{"code":"unused_imports","explanation":null},"level":"warning","spans":[{"file_name":"src\\lib.rs","byte_start":56,"byte_end":76,"line_start":3,"line_end":3,"column_start":5,"column_end":25,"is_primary":true,"text":[{"text":"use wasm_bindgen::JsCast;","highlight_start":5,"highlight_end":25}],"label":null,"suggested_replacement":null,"suggestion_applicability":null,"expansion":null}],"children":[{"message":"`#[warn(unused_imports)]` on by default","code":null,"level":"note","spans":[],"children":[],"rendered":null}],"rendered":"\u001b[0m\u001b[1m\u001b[38;5;11mwarning\u001b[0m\u001b[0m\u001b[1m\u001b[38;5;15m: unused import: `wasm_bindgen::JsCast`\u001b[0m\n\u001b[0m \u001b[0m\u001b[0m\u001b[1m\u001b[38;5;14m--> \u001b[0m\u001b[0msrc\\lib.rs:3:5\u001b[0m\n\u001b[0m  \u001b[0m\u001b[0m\u001b[1m\u001b[38;5;14m|\u001b[0m\n\u001b[0m\u001b[1m\u001b[38;5;14m3\u001b[0m\u001b[0m \u001b[0m\u001b[0m\u001b[1m\u001b[38;5;14m|\u001b[0m\u001b[0m \u001b[0m\u001b[0muse wasm_bindgen::JsCast;\u001b[0m\n\u001b[0m  \u001b[0m\u001b[0m\u001b[1m\u001b[38;5;14m| \u001b[0m\u001b[0m    \u001b[0m\u001b[0m\u001b[1m\u001b[38;5;11m^^^^^^^^^^^^^^^^^^^^\u001b[0m\n\u001b[0m  \u001b[0m\u001b[0m\u001b[1m\u001b[38;5;14m|\u001b[0m\n\u001b[0m  \u001b[0m\u001b[0m\u001b[1m\u001b[38;5;14m= \u001b[0m\u001b[0m\u001b[1m\u001b[38;5;15mnote\u001b[0m\u001b[0m: `#[warn(unused_imports)]` on by default\u001b[0m\n\n"}
{"message":"aborting due to 8 previous errors; 1 warning emitted","code":null,"level":"error","spans":[],"children":[],"rendered":"\u001b[0m\u001b[1m\u001b[38;5;9merror\u001b[0m\u001b[0m\u001b[1m\u001b[38;5;15m: aborting due to 8 previous errors; 1 warning emitted\u001b[0m\n\n"}
{"message":"Some errors have detailed explanations: E0412, E0432, E0433, E0599.","code":null,"level":"failure-note","spans":[],"children":[],"rendered":"\u001b[0m\u001b[1m\u001b[38;5;15mSome errors have detailed explanations: E0412, E0432, E0433, E0599.\u001b[0m\n"}
{"message":"For more information about an error, try `rustc --explain E0412`.","code":null,"level":"failure-note","spans":[],"children":[],"rendered":"\u001b[0m\u001b[1m\u001b[38;5;15mFor more information about an error, try `rustc --explain E0412`.\u001b[0m\n"}
